<?xml version="1.0" encoding="UTF-8"?>
<!-- Generated by org.testng.reporters.JUnitReportReporter -->
<testsuite skipped="4" hostname="RPC177" name="com.ofs.training.java.test.PersonServiceTest" tests="4" failures="0" timestamp="14 Nov 2018 09:58:30 GMT" time="0.000" errors="0">
  <testcase name="testCreate_positive" time="0.000" classname="com.ofs.training.java.test.PersonServiceTest">
    <skipped/>
  </testcase> <!-- testCreate_positive -->
  <testcase name="testRead_positive" time="0.000" classname="com.ofs.training.java.test.PersonServiceTest">
    <skipped/>
  </testcase> <!-- testRead_positive -->
  <testcase name="testUpdate_positive" time="0.000" classname="com.ofs.training.java.test.PersonServiceTest">
    <skipped/>
  </testcase> <!-- testUpdate_positive -->
  <testcase name="testDelete_positive" time="0.000" classname="com.ofs.training.java.test.PersonServiceTest">
    <skipped/>
  </testcase> <!-- testDelete_positive -->
</testsuite> <!-- com.ofs.training.java.test.PersonServiceTest -->
