<?xml version="1.0" encoding="UTF-8"?>
<!-- Generated by org.testng.reporters.JUnitReportReporter -->
<testsuite skipped="0" hostname="RPC177" name="com.ofs.training.java.test.ServletPersonTest" tests="4" failures="0" timestamp="26 Nov 2018 06:56:59 GMT" time="1.634" errors="0">
  <testcase name="testCreate_positive" time="0.921" classname="com.ofs.training.java.test.ServletPersonTest"/>
  <testcase name="testRead_positive" time="0.000" classname="com.ofs.training.java.test.ServletPersonTest"/>
  <testcase name="testDelete_positive" time="0.220" classname="com.ofs.training.java.test.ServletPersonTest"/>
  <testcase name="testUpdate_positive" time="0.493" classname="com.ofs.training.java.test.ServletPersonTest"/>
</testsuite> <!-- com.ofs.training.java.test.ServletPersonTest -->
