<?xml version="1.0" encoding="UTF-8"?>
<!-- Generated by org.testng.reporters.JUnitReportReporter -->
<testsuite skipped="0" hostname="RPC177" name="com.ofs.training.java.test.ServletAddressTest" tests="1" failures="0" timestamp="22 Nov 2018 09:19:00 GMT" time="0.241" errors="0">
  <testcase name="testDelete_positive" time="0.241" classname="com.ofs.training.java.test.ServletAddressTest"/>
</testsuite> <!-- com.ofs.training.java.test.ServletAddressTest -->
