<?xml version="1.0" encoding="UTF-8"?>
<!-- Generated by org.testng.reporters.JUnitReportReporter -->
<testsuite hostname="RPC177" name="com.ofs.training.java.adv.Services.Test_case.PersonServiceTest" tests="1" failures="0" timestamp="2 Nov 2018 04:31:34 GMT" time="0.257" errors="0">
  <testcase name="testRead_negative" time="0.257" classname="com.ofs.training.java.adv.Services.Test_case.PersonServiceTest"/>
</testsuite> <!-- com.ofs.training.java.adv.Services.Test_case.PersonServiceTest -->
