<?xml version="1.0" encoding="UTF-8"?>
<!-- Generated by org.testng.reporters.JUnitReportReporter -->
<testsuite skipped="2" hostname="RPC177" name="com.ofs.training.java.test.AddServiceTest" tests="2" failures="0" timestamp="14 Nov 2018 09:53:16 GMT" time="0.000" errors="0">
  <testcase name="testSearch_positive" time="0.000" classname="com.ofs.training.java.test.AddServiceTest">
    <skipped/>
  </testcase> <!-- testSearch_positive -->
  <testcase name="testSearch_negative" time="0.000" classname="com.ofs.training.java.test.AddServiceTest">
    <skipped/>
  </testcase> <!-- testSearch_negative -->
</testsuite> <!-- com.ofs.training.java.test.AddServiceTest -->
