<?xml version="1.0" encoding="UTF-8"?>
<!-- Generated by org.testng.reporters.JUnitReportReporter -->
<testsuite skipped="0" hostname="RPC177" name="com.ofs.training.java.test.ServiceAddressTest" tests="1" failures="0" timestamp="15 Nov 2018 03:56:08 GMT" time="0.031" errors="0">
  <testcase name="testSearch_positive" time="0.031" classname="com.ofs.training.java.test.ServiceAddressTest"/>
</testsuite> <!-- com.ofs.training.java.test.ServiceAddressTest -->
